<?xml version="1.0" encoding="UTF-8"?>
<!-- Generated by org.testng.reporters.JUnitReportReporter -->
<testsuite name="com.demo.Priority" tests="5" time="0.345" ignored="0" failures="0" timestamp="05 Aug 2021 14:34:28 GMT" skipped="0" hostname="DESKTOP-BIVGLN6" errors="0">
  <testcase name="test02" time="0.016" classname="com.demo.Priority"/>
  <testcase name="test01" time="0.016" classname="com.demo.Priority"/>
  <testcase name="test03" time="0.281" classname="com.demo.Priority"/>
  <testcase name="test04" time="0.016" classname="com.demo.Priority"/>
  <testcase name="test05" time="0.016" classname="com.demo.Priority"/>
</testsuite> <!-- com.demo.Priority -->
