<?xml version="1.0" encoding="UTF-8"?>
<!-- Generated by org.testng.reporters.JUnitReportReporter -->
<testsuite name="com.demo.Include_Exclude" tests="4" time="0.094" ignored="2" failures="0" timestamp="05 Aug 2021 16:35:20 GMT" skipped="0" hostname="DESKTOP-BIVGLN6" errors="0">
  <testcase name="chechHeader" time="0.078" classname="com.demo.Include_Exclude"/>
  <testcase name="test03" time="0.016" classname="com.demo.Include_Exclude"/>
  <testcase name="checkTitle" time="0.000" classname="com.demo.Include_Exclude"/>
  <testcase name="validLogin" time="0.000" classname="com.demo.Include_Exclude"/>
  <testcase name="test02" classname="com.demo.Include_Exclude">
    <skipped/>
  </testcase> <!-- test02 -->
  <testcase name="chechDeleteButton" classname="com.demo.Include_Exclude">
    <skipped/>
  </testcase> <!-- chechDeleteButton -->
</testsuite> <!-- com.demo.Include_Exclude -->
