<?xml version="1.0" encoding="UTF-8"?>
<!-- Generated by org.testng.reporters.JUnitReportReporter -->
<testsuite name="com.demo.InvocationCount" tests="5" time="0.062" ignored="0" failures="0" timestamp="05 Aug 2021 16:50:59 GMT" skipped="0" hostname="DESKTOP-BIVGLN6" errors="0">
  <testcase name="login" time="0.000" classname="com.demo.InvocationCount"/>
  <testcase name="login" time="0.016" classname="com.demo.InvocationCount"/>
  <testcase name="login" time="0.000" classname="com.demo.InvocationCount"/>
  <testcase name="login" time="0.031" classname="com.demo.InvocationCount"/>
  <testcase name="login" time="0.015" classname="com.demo.InvocationCount"/>
</testsuite> <!-- com.demo.InvocationCount -->
