<?xml version="1.0" encoding="UTF-8"?>
<!-- Generated by org.testng.reporters.JUnitReportReporter -->
<testsuite name="com.demo.Demo" tests="3" time="0.103" ignored="0" failures="0" timestamp="13 Jul 2021 18:01:02 GMT" skipped="0" hostname="DESKTOP-BIVGLN6" errors="0">
  <testcase name="test01" time="0.020" classname="com.demo.Demo"/>
  <testcase name="test02" time="0.010" classname="com.demo.Demo"/>
  <testcase name="test03" time="0.073" classname="com.demo.Demo"/>
</testsuite> <!-- com.demo.Demo -->
